<?xml version="1.0" encoding="UTF-8"?>
<!-- Generated by org.testng.reporters.JUnitReportReporter -->
<testsuite hostname="kompiuteris" failures="0" tests="1" name="org.ait.herokuapp.tests.NewTabTest" time="5.681" errors="0" timestamp="2023-10-15T15:31:11 CEST" skipped="0">
  <testcase classname="org.ait.herokuapp.tests.NewTabTest" name="switchToNewTabTest" time="5.681"/>
</testsuite> <!-- org.ait.herokuapp.tests.NewTabTest -->
